[maestro] Iniciado proceso maestro 0 de 1 en VBoxPP ejecutando MPI 2.1
[maestro] Generando 4 procesos ejecutando ./Debug/jugador
[maestro] Ejecutado proceso maestro con identificador 0 de un total de 1
[1m[33m[jugador 0] Jugador 0: Listo para jugar!
[0m[1m[33m[jugador 1] Jugador 1: Listo para jugar!
[0m[1m[33m[jugador 2] Jugador 2: Listo para jugar!
[0m[1m[33m[jugador 3] Jugador 3: Listo para jugar!
[0m[maestro] El identificador para el jugador humano es: 3
[maestro] Comienza ronda inicial del juego, con mus corrido
[maestro] Tamaño del mazo: 40
Mazo barajado.
El valor de Rey     	 de 	Bastos es 	10 	con id 	39, estado 0 y cara 9
 	
El valor de Siete   	 de 	Bastos es 	7 	con id 	36, estado 0 y cara 6
 	
El valor de Siete   	 de 	Copas es 	7 	con id 	16, estado 0 y cara 6
 	
El valor de Rey     	 de 	Espadas es 	10 	con id 	29, estado 0 y cara 9
 	
El valor de Sota    	 de 	Bastos es 	10 	con id 	37, estado 0 y cara 7
 	
El valor de Tres    	 de 	Copas es 	10 	con id 	12, estado 0 y cara 2
 	
El valor de Cinco   	 de 	Copas es 	5 	con id 	14, estado 0 y cara 4
 	
El valor de Caballo 	 de 	Bastos es 	10 	con id 	38, estado 0 y cara 8
 	
El valor de Seis    	 de 	Espadas es 	6 	con id 	25, estado 0 y cara 5
 	
El valor de Sota    	 de 	Copas es 	10 	con id 	17, estado 0 y cara 7
 	
El valor de Dos     	 de 	Oros es 	1 	con id 	1, estado 0 y cara 1
 	
El valor de Caballo 	 de 	Oros es 	10 	con id 	8, estado 0 y cara 8
 	
El valor de Cinco   	 de 	Oros es 	5 	con id 	4, estado 0 y cara 4
 	
El valor de Caballo 	 de 	Copas es 	10 	con id 	18, estado 0 y cara 8
 	
El valor de Cuatro  	 de 	Copas es 	4 	con id 	13, estado 0 y cara 3
 	
El valor de Siete   	 de 	Espadas es 	7 	con id 	26, estado 0 y cara 6
 	
El valor de Seis    	 de 	Oros es 	6 	con id 	5, estado 0 y cara 5
 	
El valor de Caballo 	 de 	Espadas es 	10 	con id 	28, estado 0 y cara 8
 	
El valor de Tres    	 de 	Espadas es 	10 	con id 	22, estado 0 y cara 2
 	
El valor de Cinco   	 de 	Espadas es 	5 	con id 	24, estado 0 y cara 4
 	
El valor de Cuatro  	 de 	Oros es 	4 	con id 	3, estado 0 y cara 3
 	
El valor de Seis    	 de 	Bastos es 	6 	con id 	35, estado 0 y cara 5
 	
El valor de Cuatro  	 de 	Espadas es 	4 	con id 	23, estado 0 y cara 3
 	
El valor de Dos     	 de 	Bastos es 	1 	con id 	31, estado 0 y cara 1
 	
El valor de Tres    	 de 	Bastos es 	10 	con id 	32, estado 0 y cara 2
 	
El valor de Dos     	 de 	Espadas es 	1 	con id 	21, estado 0 y cara 1
 	
El valor de Sota    	 de 	Espadas es 	10 	con id 	27, estado 0 y cara 7
 	
El valor de As      	 de 	Oros es 	1 	con id 	0, estado 0 y cara 0
 	
El valor de Dos     	 de 	Copas es 	1 	con id 	11, estado 0 y cara 1
 	
El valor de Rey     	 de 	Oros es 	10 	con id 	9, estado 0 y cara 9
 	
El valor de Rey     	 de 	Copas es 	10 	con id 	19, estado 0 y cara 9
 	
El valor de As      	 de 	Bastos es 	1 	con id 	30, estado 0 y cara 0
 	
El valor de Tres    	 de 	Oros es 	10 	con id 	2, estado 0 y cara 2
 	
El valor de Siete   	 de 	Oros es 	7 	con id 	6, estado 0 y cara 6
 	
El valor de As      	 de 	Copas es 	1 	con id 	10, estado 0 y cara 0
 	
El valor de Sota    	 de 	Oros es 	10 	con id 	7, estado 0 y cara 7
 	
El valor de Seis    	 de 	Copas es 	6 	con id 	15, estado 0 y cara 5
 	
El valor de Cinco   	 de 	Bastos es 	5 	con id 	34, estado 0 y cara 4
 	
El valor de As      	 de 	Espadas es 	1 	con id 	20, estado 0 y cara 0
 	
El valor de Cuatro  	 de 	Bastos es 	4 	con id 	33, estado 0 y cara 3
 	
Fin del contenido del mazo/mano.
[maestro] El jugador que cortará es: 3
[maestro] El jugador repartidor es: 0
Mazo barajado.
[repartidor 0] Repartida carta 0 al jugador 1
[1m[33m[jugador 1] Recibo carta 0 
[0m[repartidor 0] Repartida carta 0 al jugador 2
[1m[33m[jugador 2] Recibo carta 0 
[0m[repartidor 0] Repartida carta 0 al jugador 3
[1m[33m[jugador 3] Recibo carta 0 
[0m[repartidor 0] Repartida carta 0 al jugador 0
[1m[33m[jugador 0] Recibo carta 0 
[0m[repartidor 0] Repartida carta 1 al jugador 1
[1m[33m[jugador 1] Recibo carta 1 
[0m[repartidor 0] Repartida carta 1 al jugador 2
[1m[33m[jugador 2] Recibo carta 1 
[0m[repartidor 0] Repartida carta 1 al jugador 3
[1m[33m[jugador 3] Recibo carta 1 
[0m[repartidor 0] Repartida carta 1 al jugador 0
[1m[33m[jugador 0] Recibo carta 1 
[0m[repartidor 0] Repartida carta 2 al jugador 1
[1m[33m[jugador 1] Recibo carta 2 
[0m[repartidor 0] Repartida carta 2 al jugador 2
[1m[33m[jugador 2] Recibo carta 2 
[0m[repartidor 0] Repartida carta 2 al jugador 3
[1m[33m[jugador 3] Recibo carta 2 
[0m[repartidor 0] Repartida carta 2 al jugador 0
[1m[33m[jugador 0] Recibo carta 2 
[0m[repartidor 0] Repartida carta 3 al jugador 1
[1m[33m[jugador 1] Recibo carta 3 
[0m[repartidor 0] Repartida carta 3 al jugador 2
[1m[33m[jugador 2] Recibo carta 3 
[0m[repartidor 0] Repartida carta 3 al jugador 3
[1m[33m[jugador 3] Recibo carta 3 
[0m[repartidor 0] Repartida carta 3 al jugador 0
[1m[33m[jugador 0] Recibo carta 3 
[0m[maestro] tamaño del mazo: 24
[1m[34m[maestro] Comienza el turno 1 de mus corrido
[0m[maestro] Enviando token 1 a jugador 1
[maestro] Mano del jugador 1
El valor de Caballo 	 de 	Bastos es 	10 	con id 	38, estado 1 y cara 8
 	
El valor de Cuatro  	 de 	Copas es 	4 	con id 	13, estado 1 y cara 3
 	
El valor de Caballo 	 de 	Oros es 	10 	con id 	8, estado 1 y cara 8
 	
El valor de Tres    	 de 	Bastos es 	10 	con id 	32, estado 1 y cara 2
 	
Fin del contenido del mazo/mano.
[1m[32m[jugador 1] Quiero mus
[0m[maestro] Recibido mazo de jugador 1
[1m[34m[maestro] Comienza el turno 2 de mus corrido
[0m[maestro] Enviando token 1 a jugador 2
[maestro] Mano del jugador 2
El valor de Seis    	 de 	Bastos es 	6 	con id 	35, estado 1 y cara 5
 	
El valor de Siete   	 de 	Espadas es 	7 	con id 	26, estado 1 y cara 6
 	
El valor de Cuatro  	 de 	Bastos es 	4 	con id 	33, estado 1 y cara 3
 	
El valor de As      	 de 	Bastos es 	1 	con id 	30, estado 1 y cara 0
 	
Fin del contenido del mazo/mano.
[1m[32m[jugador 2] Quiero mus
[0m[maestro] Recibido mazo de jugador 2
[1m[34m[maestro] Comienza el turno 3 de mus corrido
[0m[maestro] Enviando token 1 a jugador 3
[maestro] Mano del jugador 3
El valor de Sota    	 de 	Oros es 	10 	con id 	7, estado 1 y cara 7
 	
El valor de Dos     	 de 	Espadas es 	1 	con id 	21, estado 1 y cara 1
 	
El valor de Siete   	 de 	Copas es 	7 	con id 	16, estado 1 y cara 6
 	
El valor de Dos     	 de 	Oros es 	1 	con id 	1, estado 1 y cara 1
 	
Fin del contenido del mazo/mano.
[1m[32m[jugador 3] Quiero mus
[0m[maestro] Recibido mazo de jugador 3
[1m[34m[maestro] Comienza el turno 4 de mus corrido
[0m[maestro] Enviando token 1 a jugador 0
[maestro] Mano del jugador 0
El valor de As      	 de 	Espadas es 	1 	con id 	20, estado 1 y cara 0
 	
El valor de Sota    	 de 	Copas es 	10 	con id 	17, estado 1 y cara 7
 	
El valor de Rey     	 de 	Oros es 	10 	con id 	9, estado 1 y cara 9
 	
El valor de Cinco   	 de 	Oros es 	5 	con id 	4, estado 1 y cara 4
 	
Fin del contenido del mazo/mano.
[1m[32m[jugador 0] Quiero mus
[0m[1m[34mFin de ronda sin cortar mus. Comienza fase de descartes.
[0m[1m[35m[maestro] Jugador 2, ¿cuántas cartas quieres?
[0m[1m[33m[jugador 2] Quiero 4 cartas
CARTAS EN MANOS: 16
CARTA CON ID 35 ha sido marcada con estado 2
CARTA CON ID 26 ha sido marcada con estado 2
CARTA CON ID 33 ha sido marcada con estado 2
CARTA CON ID 30 ha sido marcada con estado 2
[jugador 1] Repartiendo carta con size_mazo 24
Cursor size_mazo: 23
[jugador 1] CARTAS EN MANOS: 13
[jugador 1] CARTAS EN MAZO: 23
[jugador 1] CARTAS DESCARTADAS: 4
[jugador 1] Repartiendo carta con size_mazo 23
Cursor size_mazo: 22
[jugador 1] CARTAS EN MANOS: 14
[jugador 1] CARTAS EN MAZO: 22
[jugador 1] CARTAS DESCARTADAS: 4
[jugador 1] Repartiendo carta con size_mazo 22
Cursor size_mazo: 21
[jugador 1] CARTAS EN MANOS: 15
[jugador 1] CARTAS EN MAZO: 21
[jugador 1] CARTAS DESCARTADAS: 4
[jugador 1] Repartiendo carta con size_mazo 21
Cursor size_mazo: 20
[jugador 1] CARTAS EN MANOS: 16
[jugador 1] CARTAS EN MAZO: 20
[jugador 1] CARTAS DESCARTADAS: 4
[jugador 1] Equivalencias después de descartes: 416 464 16048 16048 
 RESET[maestro] Repartidor 1 reparte carta con id 23 a jugador 2
[maestro] Repartidor 1 reparte carta con id 36 a jugador 2
[maestro] Repartidor 1 reparte carta con id 14 a jugador 2
[maestro] Repartidor 1 reparte carta con id 3 a jugador 2
[1m[35m[maestro] Jugador 3, ¿cuántas cartas quieres?
[0m[1m[33m[jugador 3] Quiero 4 cartas
CARTAS EN MANOS: 16
CARTA CON ID 7 ha sido marcada con estado 2
CARTA CON ID 21 ha sido marcada con estado 2
CARTA CON ID 16 ha sido marcada con estado 2
CARTA CON ID 1 ha sido marcada con estado 2
[jugador 1] Repartiendo carta con size_mazo 20
Cursor size_mazo: 19
[jugador 1] CARTAS EN MANOS: 13
[jugador 1] CARTAS EN MAZO: 19
[jugador 1] CARTAS DESCARTADAS: 8
[jugador 1] Repartiendo carta con size_mazo 19
Cursor size_mazo: 18
[jugador 1] CARTAS EN MANOS: 14
[jugador 1] CARTAS EN MAZO: 18
[jugador 1] CARTAS DESCARTADAS: 8
[jugador 1] Repartiendo carta con size_mazo 18
Cursor size_mazo: 17
[jugador 1] CARTAS EN MANOS: 15
[jugador 1] CARTAS EN MAZO: 17
[jugador 1] CARTAS DESCARTADAS: 8
[jugador 1] Repartiendo carta con size_mazo 17
Cursor size_mazo: 16
[jugador 1] CARTAS EN MANOS: 16
[jugador 1] CARTAS EN MAZO: 16
[jugador 1] CARTAS DESCARTADAS: 8
[jugador 1] Equivalencias después de descartes: 416 464 16048 16048 
 RESET[maestro] Repartidor 1 reparte carta con id 24 a jugador 3
[maestro] Repartidor 1 reparte carta con id 6 a jugador 3
[maestro] Repartidor 1 reparte carta con id 2 a jugador 3
[maestro] Repartidor 1 reparte carta con id 5 a jugador 3
[1m[35m[maestro] Jugador 0, ¿cuántas cartas quieres?
[0m[1m[33m[jugador 0] Quiero 3 cartas
CARTAS EN MANOS: 16
CARTA CON ID 20 ha sido marcada con estado 2
CARTA CON ID 17 ha sido marcada con estado 2
CARTA CON ID 4 ha sido marcada con estado 2
[jugador 1] Repartiendo carta con size_mazo 16
Cursor size_mazo: 15
[jugador 1] CARTAS EN MANOS: 14
[jugador 1] CARTAS EN MAZO: 15
[jugador 1] CARTAS DESCARTADAS: 11
[jugador 1] Repartiendo carta con size_mazo 15
Cursor size_mazo: 14
[jugador 1] CARTAS EN MANOS: 15
[jugador 1] CARTAS EN MAZO: 14
[jugador 1] CARTAS DESCARTADAS: 11
[jugador 1] Repartiendo carta con size_mazo 14
Cursor size_mazo: 13
[jugador 1] CARTAS EN MANOS: 16
[jugador 1] CARTAS EN MAZO: 13
[jugador 1] CARTAS DESCARTADAS: 11
[jugador 1] Equivalencias después de descartes: 416 464 16048 16048 
[jugador 1] Me toca repartir.
 RESET[maestro] Repartidor 1 reparte carta con id 18 a jugador 0
[maestro] Repartidor 1 reparte carta con id 19 a jugador 0
[maestro] Repartidor 1 reparte carta con id 22 a jugador 0
[1m[35m[maestro] Jugador 1, ¿cuántas cartas quieres?
[0m[1m[33m[jugador 1] Quiero 3 cartas
CARTAS EN MANOS: 16
CARTA CON ID 38 ha sido marcada con estado 2
CARTA CON ID 13 ha sido marcada con estado 2
CARTA CON ID 8 ha sido marcada con estado 2
[jugador 1] Repartiendo carta con size_mazo 13
Cursor size_mazo: 12
[jugador 1] CARTAS EN MANOS: 14
[jugador 1] CARTAS EN MAZO: 12
[jugador 1] CARTAS DESCARTADAS: 14
[jugador 1] REPARTIDOR SE REPARTE A SI MISMO
[jugador 1] Equivalencias antes de descartes: 416 464 16048 16048 
Carta a reemplazar con id 38
[jugador 1] Descartando carta con id 38 y j = 0
 RESET[maestro] Repartidor 1 reparte carta con id 39 a jugador 1
[jugador 1] Repartiendo carta con size_mazo 12
Cursor size_mazo: 11
[jugador 1] CARTAS EN MANOS: 15
[jugador 1] CARTAS EN MAZO: 11
[jugador 1] CARTAS DESCARTADAS: 14
[jugador 1] REPARTIDOR SE REPARTE A SI MISMO
[jugador 1] Equivalencias antes de descartes: 10 464 16048 16048 
Carta a reemplazar con id 13
[jugador 1] Descartando carta con id 13 y j = 1
[jugador 1] Repartiendo carta con size_mazo 11
Cursor size_mazo: 10
[jugador 1] CARTAS EN MANOS: 16
[jugador 1] CARTAS EN MAZO: 10
[jugador 1] CARTAS DESCARTADAS: 14
[jugador 1] REPARTIDOR SE REPARTE A SI MISMO
[jugador 1] Equivalencias antes de descartes: 10 6 16048 16048 
Carta a reemplazar con id 8
[jugador 1] Descartando carta con id 8 y j = 2
[maestro] Repartidor 1 reparte carta con id 15 a jugador 1
[maestro] Repartidor 1 reparte carta con id 27 a jugador 1
[jugador 1] Equivalencias después de descartes: 10 6 8 16048 
[jugador 1] Final de caso repartidor
Mazo barajado.
[1m[34m[maestro] Comienza el turno 5 de mus corrido
[0m[maestro] Enviando token 1 a jugador 2
[maestro] Mano del jugador 2
El valor de Cuatro  	 de 	Espadas es 	4 	con id 	23, estado 1 y cara 3
 	
El valor de Siete   	 de 	Bastos es 	7 	con id 	36, estado 1 y cara 6
 	
El valor de Cinco   	 de 	Copas es 	5 	con id 	14, estado 1 y cara 4
 	
El valor de Cuatro  	 de 	Oros es 	4 	con id 	3, estado 1 y cara 3
 	
Fin del contenido del mazo/mano.
[1m[32m[jugador 2] Quiero mus
[0m[maestro] Recibido mazo de jugador 2
[1m[34m[maestro] Comienza el turno 6 de mus corrido
[0m[maestro] Enviando token 1 a jugador 3
[maestro] Mano del jugador 3
El valor de Cinco   	 de 	Espadas es 	5 	con id 	24, estado 1 y cara 4
 	
El valor de Siete   	 de 	Oros es 	7 	con id 	6, estado 1 y cara 6
 	
El valor de Tres    	 de 	Oros es 	10 	con id 	2, estado 1 y cara 2
 	
El valor de Seis    	 de 	Oros es 	6 	con id 	5, estado 1 y cara 5
 	
Fin del contenido del mazo/mano.
[1m[32m[jugador 3] Quiero mus
[0m[maestro] Recibido mazo de jugador 3
[1m[34m[maestro] Comienza el turno 7 de mus corrido
[0m[maestro] Enviando token 1 a jugador 0
[maestro] Mano del jugador 0
El valor de Caballo 	 de 	Copas es 	10 	con id 	18, estado 1 y cara 8
 	
El valor de Rey     	 de 	Copas es 	10 	con id 	19, estado 1 y cara 9
 	
El valor de Rey     	 de 	Oros es 	10 	con id 	9, estado 1 y cara 9
 	
El valor de Tres    	 de 	Espadas es 	10 	con id 	22, estado 1 y cara 2
 	
Fin del contenido del mazo/mano.
[1m[31m[jugador 0] No hay mus 
[0m[maestro] Enviando mano...
[jugador 3] Equivalencias mano original: 5 7 10 6 
[maestro] Manos con las que se juega la partida: 
[jugador 0] Equivalencias mano original: 9 10 10 10 
[jugador 2] Equivalencias mano original: 4 7 5 4 
[maestro] Mano del jugador 0
El valor de Caballo 	 de 	Copas es 	10 	con id 	18, estado 1 y cara 8
 	
El valor de Rey     	 de 	Copas es 	10 	con id 	19, estado 1 y cara 9
 	
El valor de Rey     	 de 	Oros es 	10 	con id 	9, estado 1 y cara 9
 	
El valor de Tres    	 de 	Espadas es 	10 	con id 	22, estado 1 y cara 2
 	
Fin del contenido del mazo/mano.
[jugador 1] Equivalencias mano original: 10 6 8 10 
[maestro] Mano del jugador 1
El valor de Rey     	 de 	Bastos es 	10 	con id 	39, estado 1 y cara 9
 	
El valor de Seis    	 de 	Copas es 	6 	con id 	15, estado 1 y cara 5
 	
El valor de Sota    	 de 	Espadas es 	10 	con id 	27, estado 1 y cara 7
 	
El valor de Tres    	 de 	Bastos es 	10 	con id 	32, estado 1 y cara 2
 	
Fin del contenido del mazo/mano.
[maestro] Mano del jugador 2
El valor de Cuatro  	 de 	Espadas es 	4 	con id 	23, estado 1 y cara 3
 	
El valor de Siete   	 de 	Bastos es 	7 	con id 	36, estado 1 y cara 6
 	
El valor de Cinco   	 de 	Copas es 	5 	con id 	14, estado 1 y cara 4
 	
El valor de Cuatro  	 de 	Oros es 	4 	con id 	3, estado 1 y cara 3
 	
Fin del contenido del mazo/mano.
[maestro] Mano del jugador 3
El valor de Cinco   	 de 	Espadas es 	5 	con id 	24, estado 1 y cara 4
 	
El valor de Siete   	 de 	Oros es 	7 	con id 	6, estado 1 y cara 6
 	
El valor de Tres    	 de 	Oros es 	10 	con id 	2, estado 1 y cara 2
 	
El valor de Seis    	 de 	Oros es 	6 	con id 	5, estado 1 y cara 5
 	
Fin del contenido del mazo/mano.
[maestro] Iniciando lance de Grande
[maestro] Comienza fase de envites
[maestro]: Siguiente jugador: 0, mano: 0
NÚMERO DE OCURRENCIAS DE REYES: 3
[jugador 0] Envido 5
¿HAY APUESTA?: 0
Apuesta anterior pareja postre: 0
Apuesta anterior pareja mano: 0
[maestro] Array de envites: 5, 0, 0, 0
[maestro]: Siguiente jugador: 1, mano: 0
NÚMERO DE OCURRENCIAS DE REYES: 2
[jugador 1] No
¿HAY APUESTA?: 1
Apuesta anterior pareja postre: 0
Apuesta anterior pareja mano: 5
[maestro] Array de envites: 5, 1, 0, 0
[maestro]: Siguiente jugador: 2, mano: 0
NÚMERO DE OCURRENCIAS DE REYES: 0
[jugador 2] No
¿HAY APUESTA?: 1
Apuesta anterior pareja postre: 0
Apuesta anterior pareja mano: 5
[maestro] Array de envites: 5, 1, 1, 0
[maestro]: Siguiente jugador: 3, mano: 0
NÚMERO DE OCURRENCIAS DE REYES: 1
[jugador 3] No
¿HAY APUESTA?: 1
Apuesta anterior pareja postre: 0
Apuesta anterior pareja mano: 5
[maestro] Array de envites: 5, 1, 1, 1
[maestro] Array de envites: 5, 1, 1, 1
APUESTA: 1
[maestro] Piedra por no
[maestro] Pareja Mano se lleva piedra por el no
2 1 0 0 0 0 0 1 0 0 
1 0 1 0 1 0 0 1 0 0 
0 0 0 1 0 1 2 0 0 0 
0 0 0 1 1 1 0 1 0 0 
[maestro] Mejor mano a Grande: jugador 0
[maestro] Mejor pareja a Grande: Mano
[maestro] Iniciando lance de Chica
[maestro] Comienza fase de envites
[maestro]: Siguiente jugador: 0, mano: 0
NÚMERO DE OCURRENCIAS DE ASES: 0
[jugador 0] Paso
¿HAY APUESTA?: 0
Apuesta anterior pareja postre: 0
Apuesta anterior pareja mano: 0
[maestro] Array de envites: 1, 0, 0, 0
[maestro]: Siguiente jugador: 1, mano: 0
NÚMERO DE OCURRENCIAS DE ASES: 0
[jugador 1] Paso
¿HAY APUESTA?: 0
Apuesta anterior pareja postre: 0
Apuesta anterior pareja mano: 0
[maestro] Array de envites: 1, 1, 0, 0
[maestro]: Siguiente jugador: 2, mano: 0
[jugador 2] Paso
¿HAY APUESTA?: 0
Apuesta anterior pareja postre: 0
Apuesta anterior pareja mano: 0
[maestro] Array de envites: 1, 1, 1, 0
[maestro]: Siguiente jugador: 3, mano: 0
NÚMERO DE OCURRENCIAS DE ASES: 0
NÚMERO DE OCURRENCIAS DE ASES: 0
[jugador 3] Paso
¿HAY APUESTA?: 0
Apuesta anterior pareja postre: 0
Apuesta anterior pareja mano: 0
[maestro] Array de envites: 1, 1, 1, 1
[maestro] Array de envites: 1, 1, 1, 1
APUESTA: 1
0 0 1 0 0 0 0 0 1 2 
0 0 1 0 0 1 0 1 0 1 
0 0 0 2 1 0 1 0 0 0 
0 0 1 0 1 1 1 0 0 0 
[maestro] Mejor mano a Chica: jugador 2
[maestro] Mejor pareja a Chica: Mano
[maestro] Calculando piedras, ninguna previa...
[maestro] Envite final de pareja mano ha sido: 1
[maestro] Envite anterior de pareja mano ha sido: 0
[maestro] Envite final de pareja postre ha sido: 1
[maestro] Envite anterior de pareja postre ha sido: 0
[maestro] Iniciando lance de Pares
[maestro] Jugador 0 Sí tengo pares
[maestro] Jugador 1 Sí tengo pares
[maestro] Jugador 2 Sí tengo pares
[maestro] Jugador 3 No tengo pares
[maestro] Comienza fase de envites
[maestro]: Siguiente jugador: 0, mano: 0
[jugador 0] Envido 5
¿HAY APUESTA?: 0
Apuesta anterior pareja postre: 0
Apuesta anterior pareja mano: 0
[maestro] Array de envites: 5, 0, 0, 0
[maestro]: Siguiente jugador: 1, mano: 0
[jugador 1] No
¿HAY APUESTA?: 1
Apuesta anterior pareja postre: 0
Apuesta anterior pareja mano: 5
[maestro] Array de envites: 5, 1, 0, 0
[maestro]: Siguiente jugador: 2, mano: 0
[jugador 2] No
¿HAY APUESTA?: 1
Apuesta anterior pareja postre: 0
Apuesta anterior pareja mano: 5
[maestro] Array de envites: 5, 1, 1, 0
[maestro]: Siguiente jugador: 3, mano: 0
[jugador 3] No
¿HAY APUESTA?: 1
Apuesta anterior pareja postre: 0
Apuesta anterior pareja mano: 5
[maestro] Array de envites: 5, 1, 1, 1
[maestro] Array de envites: 5, 1, 1, 1
APUESTA: 1
[maestro] Piedra por no
[maestro] Pareja Mano se lleva piedra por el no
99 10 1 10 99 
99 99 1 10 99 
99 99 1 4 99 
99 99 0 99 99 
Calculando duples...
Calculando medias...
[maestro] Mejor mano a Pares: jugador 0
[maestro] Mejor pareja a Pares: Mano
[maestro] Iniciando lance de Juego
[maestro] Jugador 0 Sí tengo juego
[maestro] Jugador 1 Sí tengo juego
[maestro] Jugador 2 No tengo juego
[maestro] Jugador 3 No tengo juego
[maestro] Comienza fase de envites
[maestro]: Siguiente jugador: 0, mano: 0
[jugador 0] Envido 5
¿HAY APUESTA?: 0
Apuesta anterior pareja postre: 0
Apuesta anterior pareja mano: 0
[maestro] Array de envites: 5, 0, 0, 0
[maestro]: Siguiente jugador: 1, mano: 0
[jugador 1] Lo quiero
¿HAY APUESTA?: 1
Apuesta anterior pareja postre: 0
Apuesta anterior pareja mano: 5
[maestro] Array de envites: 5, 5, 0, 0
[maestro]: Siguiente jugador: 2, mano: 0
[jugador 2] No
¿HAY APUESTA?: 1
Apuesta anterior pareja postre: 5
Apuesta anterior pareja mano: 5
[maestro] Array de envites: 5, 5, 1, 0
[maestro]: Siguiente jugador: 3, mano: 0
[jugador 3] Lo quiero
¿HAY APUESTA?: 1
Apuesta anterior pareja postre: 5
Apuesta anterior pareja mano: 5
[maestro] Array de envites: 5, 5, 1, 5
[maestro] Array de envites: 5, 5, 1, 5
APUESTA: 1
Calculando juego...
40 36 20 28 
[maestro] Mejor mano a Juego: jugador 0
[maestro] Mejor pareja a Juego: Mano
[maestro] Calculando piedras, ninguna previa...
[maestro] Envite final de pareja mano ha sido: 5
[maestro] Envite anterior de pareja mano ha sido: 5
[maestro] Envite final de pareja postre ha sido: 5
[maestro] Envite anterior de pareja postre ha sido: 5
[maestro] PIEDRAS MANO: 13
[maestro] PIEDRAS POSTRE: 0
[maestro] PIEDRAS PAREJA 0-2: 13
[maestro] PIEDRAS PAREJA 1-3: 0
PUNTUACIONES:
PAREJA 0-2
RONDA: 2 amarracos y 3 piedras
JUEGO: 0
VACA: 0
PAREJA 1-3
RONDA: 0
JUEGO: 0
VACA: 0
[maestro] Comienza ronda 1 del juego
[maestro] Tamaño del mazo: 40
Mazo barajado.
El valor de Cuatro  	 de 	Oros es 	4 	con id 	3, estado 0 y cara 3
 	
El valor de Cinco   	 de 	Espadas es 	5 	con id 	24, estado 0 y cara 4
 	
El valor de Cinco   	 de 	Copas es 	5 	con id 	14, estado 0 y cara 4
 	
El valor de Siete   	 de 	Copas es 	7 	con id 	16, estado 0 y cara 6
 	
El valor de Seis    	 de 	Espadas es 	6 	con id 	25, estado 0 y cara 5
 	
El valor de Tres    	 de 	Bastos es 	10 	con id 	32, estado 0 y cara 2
 	
El valor de Sota    	 de 	Espadas es 	10 	con id 	27, estado 0 y cara 7
 	
El valor de Siete   	 de 	Oros es 	7 	con id 	6, estado 0 y cara 6
 	
El valor de Cinco   	 de 	Oros es 	5 	con id 	4, estado 0 y cara 4
 	
El valor de Cuatro  	 de 	Espadas es 	4 	con id 	23, estado 0 y cara 3
 	
El valor de As      	 de 	Bastos es 	1 	con id 	30, estado 0 y cara 0
 	
El valor de Caballo 	 de 	Oros es 	10 	con id 	8, estado 0 y cara 8
 	
El valor de Sota    	 de 	Bastos es 	10 	con id 	37, estado 0 y cara 7
 	
El valor de Dos     	 de 	Espadas es 	1 	con id 	21, estado 0 y cara 1
 	
El valor de Tres    	 de 	Oros es 	10 	con id 	2, estado 0 y cara 2
 	
El valor de Caballo 	 de 	Copas es 	10 	con id 	18, estado 0 y cara 8
 	
El valor de As      	 de 	Copas es 	1 	con id 	10, estado 0 y cara 0
 	
El valor de Sota    	 de 	Copas es 	10 	con id 	17, estado 0 y cara 7
 	
El valor de As      	 de 	Oros es 	1 	con id 	0, estado 0 y cara 0
 	
El valor de Rey     	 de 	Bastos es 	10 	con id 	39, estado 0 y cara 9
 	
El valor de Seis    	 de 	Bastos es 	6 	con id 	35, estado 0 y cara 5
 	
El valor de Rey     	 de 	Copas es 	10 	con id 	19, estado 0 y cara 9
 	
El valor de Dos     	 de 	Oros es 	1 	con id 	1, estado 0 y cara 1
 	
El valor de Tres    	 de 	Copas es 	10 	con id 	12, estado 0 y cara 2
 	
El valor de Cuatro  	 de 	Copas es 	4 	con id 	13, estado 0 y cara 3
 	
El valor de Cuatro  	 de 	Bastos es 	4 	con id 	33, estado 0 y cara 3
 	
El valor de Rey     	 de 	Oros es 	10 	con id 	9, estado 0 y cara 9
 	
El valor de Tres    	 de 	Espadas es 	10 	con id 	22, estado 0 y cara 2
 	
El valor de Dos     	 de 	Bastos es 	1 	con id 	31, estado 0 y cara 1
 	
El valor de Caballo 	 de 	Bastos es 	10 	con id 	38, estado 0 y cara 8
 	
El valor de Caballo 	 de 	Espadas es 	10 	con id 	28, estado 0 y cara 8
 	
El valor de Dos     	 de 	Copas es 	1 	con id 	11, estado 0 y cara 1
 	
El valor de Seis    	 de 	Oros es 	6 	con id 	5, estado 0 y cara 5
 	
El valor de As      	 de 	Espadas es 	1 	con id 	20, estado 0 y cara 0
 	
El valor de Siete   	 de 	Bastos es 	7 	con id 	36, estado 0 y cara 6
 	
El valor de Sota    	 de 	Oros es 	10 	con id 	7, estado 0 y cara 7
 	
El valor de Siete   	 de 	Espadas es 	7 	con id 	26, estado 0 y cara 6
 	
El valor de Rey     	 de 	Espadas es 	10 	con id 	29, estado 0 y cara 9
 	
El valor de Cinco   	 de 	Bastos es 	5 	con id 	34, estado 0 y cara 4
 	
El valor de Seis    	 de 	Copas es 	6 	con id 	15, estado 0 y cara 5
 	
Fin del contenido del mazo/mano.
[1m[34m[maestro] Ahora el jugador mano es: 1
[0m[1m[34m[maestro] Ahora el jugador postre (repartidor) es: 0
[0m[repartidor 0] Repartida carta 0 al jugador 1
[jugador 1] Jugador 1 recibe carta 0 
[repartidor 0] Repartida carta 0 al jugador 2
[jugador 2] Jugador 2 recibe carta 0 
[repartidor 0] Repartida carta 0 al jugador 3
[jugador 3] Jugador 3 recibe carta 0 
[repartidor 0] Repartida carta 0 al jugador 0
[jugador 0] Jugador 0 recibe carta 0 
[repartidor 0] Repartida carta 1 al jugador 1
[jugador 1] Jugador 1 recibe carta 1 
[repartidor 0] Repartida carta 1 al jugador 2
[jugador 2] Jugador 2 recibe carta 1 
[repartidor 0] Repartida carta 1 al jugador 3
[jugador 3] Jugador 3 recibe carta 1 
[repartidor 0] Repartida carta 1 al jugador 0
[jugador 0] Jugador 0 recibe carta 1 
[repartidor 0] Repartida carta 2 al jugador 1
[jugador 1] Jugador 1 recibe carta 2 
[repartidor 0] Repartida carta 2 al jugador 2
[jugador 2] Jugador 2 recibe carta 2 
[repartidor 0] Repartida carta 2 al jugador 3
[jugador 3] Jugador 3 recibe carta 2 
[repartidor 0] Repartida carta 2 al jugador 0
[jugador 0] Jugador 0 recibe carta 2 
[repartidor 0] Repartida carta 3 al jugador 1
[jugador 1] Jugador 1 recibe carta 3 
[repartidor 0] Repartida carta 3 al jugador 2
[jugador 2] Jugador 2 recibe carta 3 
[repartidor 0] Repartida carta 3 al jugador 3
[jugador 3] Jugador 3 recibe carta 3 
[repartidor 0] Repartida carta 3 al jugador 0
[jugador 0] Jugador 0 recibe carta 3 
[maestro] tamaño del mazo: 24
[maestro] Los jugadores juegan el turno 0 con las siguientes manos:
[jugador 0] Equivalencias mano original: 7 7 9 9 
[maestro] Jugador 0 juega con mano: 
El valor de Siete   	 de 	Copas es 	7 	con id 	16, estado 1 y cara 6
 	
El valor de Siete   	 de 	Oros es 	7 	con id 	6, estado 1 y cara 6
 	
El valor de Caballo 	 de 	Oros es 	10 	con id 	8, estado 1 y cara 8
 	
El valor de Caballo 	 de 	Copas es 	10 	con id 	18, estado 1 y cara 8
 	
Fin del contenido del mazo/mano.
[jugador 3] Equivalencias mano original: 5 8 1 10 
[jugador 1] Equivalencias mano original: 4 6 5 8 
[maestro] Jugador 1 juega con mano: 
El valor de Cuatro  	 de 	Oros es 	4 	con id 	3, estado 1 y cara 3
 	
El valor de Seis    	 de 	Espadas es 	6 	con id 	25, estado 1 y cara 5
 	
El valor de Cinco   	 de 	Oros es 	5 	con id 	4, estado 1 y cara 4
 	
El valor de Sota    	 de 	Bastos es 	10 	con id 	37, estado 1 y cara 7
 	
Fin del contenido del mazo/mano.
[jugador 2] Equivalencias mano original: 5 10 4 1 
[maestro] Jugador 2 juega con mano: 
El valor de Cinco   	 de 	Espadas es 	5 	con id 	24, estado 1 y cara 4
 	
El valor de Tres    	 de 	Bastos es 	10 	con id 	32, estado 1 y cara 2
 	
El valor de Cuatro  	 de 	Espadas es 	4 	con id 	23, estado 1 y cara 3
 	
El valor de Dos     	 de 	Espadas es 	1 	con id 	21, estado 1 y cara 1
 	
Fin del contenido del mazo/mano.
[maestro] Jugador 3 juega con mano: 
El valor de Cinco   	 de 	Copas es 	5 	con id 	14, estado 1 y cara 4
 	
El valor de Sota    	 de 	Espadas es 	10 	con id 	27, estado 1 y cara 7
 	
El valor de As      	 de 	Bastos es 	1 	con id 	30, estado 1 y cara 0
 	
El valor de Tres    	 de 	Oros es 	10 	con id 	2, estado 1 y cara 2
 	
Fin del contenido del mazo/mano.
[maestro] Comienza el turno de MUS : 1
[maestro] Enviando token 1 a jugador 1
[maestro] Mano del jugador 1
El valor de Cuatro  	 de 	Oros es 	4 	con id 	3, estado 1 y cara 3
 	
El valor de Seis    	 de 	Espadas es 	6 	con id 	25, estado 1 y cara 5
 	
El valor de Cinco   	 de 	Oros es 	5 	con id 	4, estado 1 y cara 4
 	
El valor de Sota    	 de 	Bastos es 	10 	con id 	37, estado 1 y cara 7
 	
Fin del contenido del mazo/mano.
[jugador 1] Quiero mus
[maestro] Comienza el turno de MUS : 2
[maestro] Enviando token 1 a jugador 2
[maestro] Mano del jugador 2
El valor de Cinco   	 de 	Espadas es 	5 	con id 	24, estado 1 y cara 4
 	
El valor de Tres    	 de 	Bastos es 	10 	con id 	32, estado 1 y cara 2
 	
El valor de Cuatro  	 de 	Espadas es 	4 	con id 	23, estado 1 y cara 3
 	
El valor de Dos     	 de 	Espadas es 	1 	con id 	21, estado 1 y cara 1
 	
Fin del contenido del mazo/mano.
[jugador 2] Quiero mus
[maestro] Comienza el turno de MUS : 3
[maestro] Enviando token 1 a jugador 3
[maestro] Mano del jugador 3
El valor de Cinco   	 de 	Copas es 	5 	con id 	14, estado 1 y cara 4
 	
El valor de Sota    	 de 	Espadas es 	10 	con id 	27, estado 1 y cara 7
 	
El valor de As      	 de 	Bastos es 	1 	con id 	30, estado 1 y cara 0
 	
El valor de Tres    	 de 	Oros es 	10 	con id 	2, estado 1 y cara 2
 	
Fin del contenido del mazo/mano.
[jugador 3] Quiero mus
[maestro] Comienza el turno de MUS : 4
[maestro] Enviando token 1 a jugador 0
[jugador 0] Equivalencias mano original: 7 7 9 9 
[maestro] Mano del jugador 0
El valor de Siete   	 de 	Copas es 	7 	con id 	16, estado 1 y cara 6
 	
El valor de Siete   	 de 	Oros es 	7 	con id 	6, estado 1 y cara 6
 	
El valor de Caballo 	 de 	Oros es 	10 	con id 	8, estado 1 y cara 8
 	
El valor de Caballo 	 de 	Copas es 	10 	con id 	18, estado 1 y cara 8
 	
Fin del contenido del mazo/mano.
[jugador 0] No hay mus
[maestro] Enviando mano...
[jugador 3] Equivalencias mano original: 5 8 1 10 
[maestro] Manos con las que se juega la partida: 
[jugador 1] Equivalencias mano original: 4 6 5 8 
[maestro] Mano del jugador 1
El valor de Cuatro  	 de 	Oros es 	4 	con id 	3, estado 1 y cara 3
 	
El valor de Seis    	 de 	Espadas es 	6 	con id 	25, estado 1 y cara 5
 	
El valor de Cinco   	 de 	Oros es 	5 	con id 	4, estado 1 y cara 4
 	
El valor de Sota    	 de 	Bastos es 	10 	con id 	37, estado 1 y cara 7
 	
Fin del contenido del mazo/mano.
[maestro] Mano del jugador 2
El valor de Cinco   	 de 	Espadas es 	5 	con id 	24, estado 1 y cara 4
 	
El valor de Tres    	 de 	Bastos es 	10 	con id 	32, estado 1 y cara 2
 	
El valor de Cuatro  	 de 	Espadas es 	4 	con id 	23, estado 1 y cara 3
 	
El valor de Dos     	 de 	Espadas es 	1 	con id 	21, estado 1 y cara 1
 	
Fin del contenido del mazo/mano.
[maestro] Mano del jugador 3
El valor de Cinco   	 de 	Copas es 	5 	con id 	14, estado 1 y cara 4
 	
El valor de Sota    	 de 	Espadas es 	10 	con id 	27, estado 1 y cara 7
 	
El valor de As      	 de 	Bastos es 	1 	con id 	30, estado 1 y cara 0
 	
El valor de Tres    	 de 	Oros es 	10 	con id 	2, estado 1 y cara 2
 	
Fin del contenido del mazo/mano.
[maestro] Mano del jugador 0
El valor de Siete   	 de 	Copas es 	7 	con id 	16, estado 1 y cara 6
 	
El valor de Siete   	 de 	Oros es 	7 	con id 	6, estado 1 y cara 6
 	
El valor de Caballo 	 de 	Oros es 	10 	con id 	8, estado 1 y cara 8
 	
El valor de Caballo 	 de 	Copas es 	10 	con id 	18, estado 1 y cara 8
 	
Fin del contenido del mazo/mano.
[maestro] Iniciando lance de Grande
[maestro] Comienza fase de envites
[maestro]: Siguiente jugador: 1, mano: 1
[jugador 2] Equivalencias mano original: 5 10 4 1 
NÚMERO DE OCURRENCIAS DE REYES: 0
[jugador 1] Paso
¿HAY APUESTA?: 0
Apuesta anterior pareja postre: 0
Apuesta anterior pareja mano: 0
[maestro] Array de envites: 0, 1, 0, 0
[maestro]: Siguiente jugador: 2, mano: 1
NÚMERO DE OCURRENCIAS DE REYES: 1
[jugador 2] Paso
¿HAY APUESTA?: 0
Apuesta anterior pareja postre: 0
Apuesta anterior pareja mano: 0
[maestro] Array de envites: 0, 1, 1, 0
[maestro]: Siguiente jugador: 3, mano: 1
NÚMERO DE OCURRENCIAS DE REYES: 1
[jugador 3] Paso
¿HAY APUESTA?: 0
Apuesta anterior pareja postre: 0
Apuesta anterior pareja mano: 0
[maestro] Array de envites: 0, 1, 1, 1
[maestro]: Siguiente jugador: 0, mano: 1
NÚMERO DE OCURRENCIAS DE REYES: 0
[jugador 0] Paso
¿HAY APUESTA?: 0
Apuesta anterior pareja postre: 0
Apuesta anterior pareja mano: 0
[maestro] Array de envites: 1, 1, 1, 1
[maestro] Array de envites: 1, 1, 1, 1
APUESTA: 1
0 2 0 2 0 0 0 0 0 0 
0 0 1 0 1 1 1 0 0 0 
0 0 0 0 0 1 1 1 1 0 
0 0 1 0 0 1 0 1 0 1 
[maestro] Mejor mano a Grande: jugador 3
[maestro] Mejor pareja a Grande: Mano
[maestro] Calculando piedras, ninguna previa...
[maestro] Envite final de pareja mano ha sido: 1
[maestro] Envite anterior de pareja mano ha sido: 0
[maestro] Envite final de pareja postre ha sido: 1
[maestro] Envite anterior de pareja postre ha sido: 0
[maestro] Iniciando lance de Chica
[maestro] Comienza fase de envites
[maestro]: Siguiente jugador: 1, mano: 1
NÚMERO DE OCURRENCIAS DE ASES: 0
[jugador 1] Paso
¿HAY APUESTA?: 0
Apuesta anterior pareja postre: 0
Apuesta anterior pareja mano: 0
[maestro] Array de envites: 0, 1, 0, 0
[maestro]: Siguiente jugador: 2, mano: 1
NÚMERO DE OCURRENCIAS DE ASES: 1
[jugador 2] Paso
¿HAY APUESTA?: 0
Apuesta anterior pareja postre: 0
Apuesta anterior pareja mano: 0
[maestro] Array de envites: 0, 1, 1, 0
[maestro]: Siguiente jugador: 3, mano: 1
NÚMERO DE OCURRENCIAS DE ASES: 1
[jugador 3] Paso
¿HAY APUESTA?: 0
Apuesta anterior pareja postre: 0
Apuesta anterior pareja mano: 0
[maestro] Array de envites: 0, 1, 1, 1
[maestro]: Siguiente jugador: 0, mano: 1
NÚMERO DE OCURRENCIAS DE ASES: 0
[jugador 0] Paso
¿HAY APUESTA?: 0
Apuesta anterior pareja postre: 0
Apuesta anterior pareja mano: 0
[maestro] Array de envites: 1, 1, 1, 1
[maestro] Array de envites: 1, 1, 1, 1
APUESTA: 1
0 0 0 0 0 0 2 0 2 0 
0 0 0 1 1 1 0 1 0 0 
0 1 1 1 1 0 0 0 0 0 
1 0 1 0 1 0 0 1 0 0 
[maestro] Mejor mano a Chica: jugador 2
[maestro] Mejor pareja a Chica: Postre
[maestro] Calculando piedras, ninguna previa...
[maestro] Envite final de pareja mano ha sido: 1
[maestro] Envite anterior de pareja mano ha sido: 0
[maestro] Envite final de pareja postre ha sido: 1
[maestro] Envite anterior de pareja postre ha sido: 0
[maestro] Iniciando lance de Pares
[maestro] Jugador 1 No tengo pares
[maestro] Jugador 2 No tengo pares
[maestro] Jugador 3 No tengo pares
[maestro] Jugador 0 Sí tengo pares
PAREJA Postre se lleva la piedra de pares
[maestro] Iniciando lance de Juego
[maestro] Jugador 1 No tengo juego
[maestro] Jugador 2 No tengo juego
[maestro] Jugador 3 No tengo juego
[maestro] Jugador 0 Sí tengo juego
PAREJA Postre se lleva la piedra de juego
[maestro] PIEDRAS MANO: 1
[maestro] PIEDRAS POSTRE: 3
[maestro] PIEDRAS PAREJA 0-2: 16
[maestro] PIEDRAS PAREJA 1-3: 1
PUNTUACIONES:
PAREJA 0-2
RONDA: 3 amarracos y 1 piedras
JUEGO: 0
VACA: 0
PAREJA 1-3
RONDA: 1
JUEGO: 0
VACA: 0
[maestro] Comienza ronda 2 del juego
[maestro] Tamaño del mazo: 40
Mazo barajado.
El valor de Sota    	 de 	Oros es 	10 	con id 	7, estado 0 y cara 7
 	
El valor de Cinco   	 de 	Bastos es 	5 	con id 	34, estado 0 y cara 4
 	
El valor de As      	 de 	Oros es 	1 	con id 	0, estado 0 y cara 0
 	
El valor de Cinco   	 de 	Oros es 	5 	con id 	4, estado 0 y cara 4
 	
El valor de Siete   	 de 	Oros es 	7 	con id 	6, estado 0 y cara 6
 	
El valor de Cinco   	 de 	Espadas es 	5 	con id 	24, estado 0 y cara 4
 	
El valor de Caballo 	 de 	Espadas es 	10 	con id 	28, estado 0 y cara 8
 	
El valor de Tres    	 de 	Bastos es 	10 	con id 	32, estado 0 y cara 2
 	
El valor de Caballo 	 de 	Oros es 	10 	con id 	8, estado 0 y cara 8
 	
El valor de Seis    	 de 	Bastos es 	6 	con id 	35, estado 0 y cara 5
 	
El valor de Tres    	 de 	Copas es 	10 	con id 	12, estado 0 y cara 2
 	
El valor de Dos     	 de 	Bastos es 	1 	con id 	31, estado 0 y cara 1
 	
El valor de Cuatro  	 de 	Oros es 	4 	con id 	3, estado 0 y cara 3
 	
El valor de Sota    	 de 	Bastos es 	10 	con id 	37, estado 0 y cara 7
 	
El valor de Rey     	 de 	Oros es 	10 	con id 	9, estado 0 y cara 9
 	
El valor de Seis    	 de 	Espadas es 	6 	con id 	25, estado 0 y cara 5
 	
El valor de As      	 de 	Bastos es 	1 	con id 	30, estado 0 y cara 0
 	
El valor de Seis    	 de 	Copas es 	6 	con id 	15, estado 0 y cara 5
 	
El valor de As      	 de 	Copas es 	1 	con id 	10, estado 0 y cara 0
 	
El valor de Dos     	 de 	Espadas es 	1 	con id 	21, estado 0 y cara 1
 	
El valor de Caballo 	 de 	Bastos es 	10 	con id 	38, estado 0 y cara 8
 	
El valor de Cuatro  	 de 	Copas es 	4 	con id 	13, estado 0 y cara 3
 	
El valor de Dos     	 de 	Oros es 	1 	con id 	1, estado 0 y cara 1
 	
El valor de Tres    	 de 	Espadas es 	10 	con id 	22, estado 0 y cara 2
 	
El valor de Dos     	 de 	Copas es 	1 	con id 	11, estado 0 y cara 1
 	
El valor de Caballo 	 de 	Copas es 	10 	con id 	18, estado 0 y cara 8
 	
El valor de Rey     	 de 	Copas es 	10 	con id 	19, estado 0 y cara 9
 	
El valor de As      	 de 	Espadas es 	1 	con id 	20, estado 0 y cara 0
 	
El valor de Cuatro  	 de 	Espadas es 	4 	con id 	23, estado 0 y cara 3
 	
El valor de Tres    	 de 	Oros es 	10 	con id 	2, estado 0 y cara 2
 	
El valor de Siete   	 de 	Copas es 	7 	con id 	16, estado 0 y cara 6
 	
El valor de Siete   	 de 	Espadas es 	7 	con id 	26, estado 0 y cara 6
 	
El valor de Cinco   	 de 	Copas es 	5 	con id 	14, estado 0 y cara 4
 	
El valor de Seis    	 de 	Oros es 	6 	con id 	5, estado 0 y cara 5
 	
El valor de Sota    	 de 	Copas es 	10 	con id 	17, estado 0 y cara 7
 	
El valor de Cuatro  	 de 	Bastos es 	4 	con id 	33, estado 0 y cara 3
 	
El valor de Rey     	 de 	Bastos es 	10 	con id 	39, estado 0 y cara 9
 	
El valor de Sota    	 de 	Espadas es 	10 	con id 	27, estado 0 y cara 7
 	
El valor de Rey     	 de 	Espadas es 	10 	con id 	29, estado 0 y cara 9
 	
El valor de Siete   	 de 	Bastos es 	7 	con id 	36, estado 0 y cara 6
 	
Fin del contenido del mazo/mano.
[1m[34m[maestro] Ahora el jugador mano es: 2
[0m[1m[34m[maestro] Ahora el jugador postre (repartidor) es: 1
[0m[repartidor 1] Repartida carta 0 al jugador 2
[jugador 2] Jugador 2 recibe carta 0 
[repartidor 1] Repartida carta 0 al jugador 3
[jugador 3] Jugador 3 recibe carta 0 
[repartidor 1] Repartida carta 0 al jugador 0
[jugador 0] Jugador 0 recibe carta 0 
[repartidor 1] Repartida carta 0 al jugador 1
[jugador 1] Jugador 1 recibe carta 0 
[repartidor 1] Repartida carta 1 al jugador 2
[jugador 2] Jugador 2 recibe carta 1 
[repartidor 1] Repartida carta 1 al jugador 3
[jugador 3] Jugador 3 recibe carta 1 
[repartidor 1] Repartida carta 1 al jugador 0
[jugador 0] Jugador 0 recibe carta 1 
[repartidor 1] Repartida carta 1 al jugador 1
[jugador 1] Jugador 1 recibe carta 1 
[repartidor 1] Repartida carta 2 al jugador 2
[jugador 2] Jugador 2 recibe carta 2 
[repartidor 1] Repartida carta 2 al jugador 3
[jugador 3] Jugador 3 recibe carta 2 
[repartidor 1] Repartida carta 2 al jugador 0
[jugador 0] Jugador 0 recibe carta 2 
[repartidor 1] Repartida carta 2 al jugador 1
[jugador 1] Jugador 1 recibe carta 2 
[repartidor 1] Repartida carta 3 al jugador 2
[jugador 2] Jugador 2 recibe carta 3 
[repartidor 1] Repartida carta 3 al jugador 3
[jugador 3] Jugador 3 recibe carta 3 
[repartidor 1] Repartida carta 3 al jugador 0
[jugador 0] Jugador 0 recibe carta 3 
[repartidor 1] Repartida carta 3 al jugador 1
[jugador 1] Jugador 1 recibe carta 3 
[maestro] tamaño del mazo: 24
[maestro] Los jugadores juegan el turno 0 con las siguientes manos:
[jugador 1] Equivalencias mano original: 5 10 1 6 
[jugador 0] Equivalencias mano original: 1 9 10 10 
[jugador 2] Equivalencias mano original: 8 7 9 4 
[maestro] Jugador 0 juega con mano: 
El valor de As      	 de 	Oros es 	1 	con id 	0, estado 1 y cara 0
 	
El valor de Caballo 	 de 	Espadas es 	10 	con id 	28, estado 1 y cara 8
 	
El valor de Tres    	 de 	Copas es 	10 	con id 	12, estado 1 y cara 2
 	
El valor de Rey     	 de 	Oros es 	10 	con id 	9, estado 1 y cara 9
 	
Fin del contenido del mazo/mano.
[maestro] Jugador 1 juega con mano: 
El valor de Cinco   	 de 	Oros es 	5 	con id 	4, estado 1 y cara 4
 	
El valor de Tres    	 de 	Bastos es 	10 	con id 	32, estado 1 y cara 2
 	
El valor de Dos     	 de 	Bastos es 	1 	con id 	31, estado 1 y cara 1
 	
El valor de Seis    	 de 	Espadas es 	6 	con id 	25, estado 1 y cara 5
 	
Fin del contenido del mazo/mano.
[maestro] Jugador 2 juega con mano: 
El valor de Sota    	 de 	Oros es 	10 	con id 	7, estado 1 y cara 7
 	
El valor de Siete   	 de 	Oros es 	7 	con id 	6, estado 1 y cara 6
 	
El valor de Caballo 	 de 	Oros es 	10 	con id 	8, estado 1 y cara 8
 	
El valor de Cuatro  	 de 	Oros es 	4 	con id 	3, estado 1 y cara 3
 	
Fin del contenido del mazo/mano.
[jugador 3] Equivalencias mano original: 5 5 6 8 
[maestro] Jugador 3 juega con mano: 
El valor de Cinco   	 de 	Bastos es 	5 	con id 	34, estado 1 y cara 4
 	
El valor de Cinco   	 de 	Espadas es 	5 	con id 	24, estado 1 y cara 4
 	
El valor de Seis    	 de 	Bastos es 	6 	con id 	35, estado 1 y cara 5
 	
El valor de Sota    	 de 	Bastos es 	10 	con id 	37, estado 1 y cara 7
 	
Fin del contenido del mazo/mano.
[maestro] Comienza el turno de MUS : 1
[maestro] Enviando token 1 a jugador 2
[jugador 2] Equivalencias mano original: 8 7 9 4 
[maestro] Mano del jugador 2
El valor de Sota    	 de 	Oros es 	10 	con id 	7, estado 1 y cara 7
 	
El valor de Siete   	 de 	Oros es 	7 	con id 	6, estado 1 y cara 6
 	
El valor de Caballo 	 de 	Oros es 	10 	con id 	8, estado 1 y cara 8
 	
El valor de Cuatro  	 de 	Oros es 	4 	con id 	3, estado 1 y cara 3
 	
Fin del contenido del mazo/mano.
[jugador 2] No hay mus
[jugador 1] Equivalencias mano original: 5 10 1 6 
[maestro] Enviando mano...
[maestro] Manos con las que se juega la partida: 
[jugador 0] Equivalencias mano original: 1 9 10 10 
[jugador 3] Equivalencias mano original: 5 5 6 8 
[maestro] Mano del jugador 2
El valor de Sota    	 de 	Oros es 	10 	con id 	7, estado 1 y cara 7
 	
El valor de Siete   	 de 	Oros es 	7 	con id 	6, estado 1 y cara 6
 	
El valor de Caballo 	 de 	Oros es 	10 	con id 	8, estado 1 y cara 8
 	
El valor de Cuatro  	 de 	Oros es 	4 	con id 	3, estado 1 y cara 3
 	
Fin del contenido del mazo/mano.
[maestro] Mano del jugador 3
El valor de Cinco   	 de 	Bastos es 	5 	con id 	34, estado 1 y cara 4
 	
El valor de Cinco   	 de 	Espadas es 	5 	con id 	24, estado 1 y cara 4
 	
El valor de Seis    	 de 	Bastos es 	6 	con id 	35, estado 1 y cara 5
 	
El valor de Sota    	 de 	Bastos es 	10 	con id 	37, estado 1 y cara 7
 	
Fin del contenido del mazo/mano.
[maestro] Mano del jugador 0
El valor de As      	 de 	Oros es 	1 	con id 	0, estado 1 y cara 0
 	
El valor de Caballo 	 de 	Espadas es 	10 	con id 	28, estado 1 y cara 8
 	
El valor de Tres    	 de 	Copas es 	10 	con id 	12, estado 1 y cara 2
 	
El valor de Rey     	 de 	Oros es 	10 	con id 	9, estado 1 y cara 9
 	
Fin del contenido del mazo/mano.
[maestro] Mano del jugador 1
El valor de Cinco   	 de 	Oros es 	5 	con id 	4, estado 1 y cara 4
 	
El valor de Tres    	 de 	Bastos es 	10 	con id 	32, estado 1 y cara 2
 	
El valor de Dos     	 de 	Bastos es 	1 	con id 	31, estado 1 y cara 1
 	
El valor de Seis    	 de 	Espadas es 	6 	con id 	25, estado 1 y cara 5
 	
Fin del contenido del mazo/mano.
[maestro] Iniciando lance de Grande
[maestro] Comienza fase de envites
[maestro]: Siguiente jugador: 2, mano: 2
NÚMERO DE OCURRENCIAS DE REYES: 0
[jugador 2] Paso
¿HAY APUESTA?: 0
Apuesta anterior pareja postre: 0
Apuesta anterior pareja mano: 0
[maestro] Array de envites: 0, 0, 1, 0
[maestro]: Siguiente jugador: 3, mano: 2
NÚMERO DE OCURRENCIAS DE REYES: 0
[jugador 3] Paso
¿HAY APUESTA?: 0
Apuesta anterior pareja postre: 0
Apuesta anterior pareja mano: 0
[maestro] Array de envites: 0, 0, 1, 1
[maestro]: Siguiente jugador: 0, mano: 2
NÚMERO DE OCURRENCIAS DE REYES: 2
[jugador 0] Envido
¿HAY APUESTA?: 0
Apuesta anterior pareja postre: 0
Apuesta anterior pareja mano: 0
[maestro] Array de envites: 2, 0, 1, 1
[maestro]: Siguiente jugador: 1, mano: 2
NÚMERO DE OCURRENCIAS DE REYES: 1
[jugador 1] No
¿HAY APUESTA?: 1
Apuesta anterior pareja postre: 0
Apuesta anterior pareja mano: 2
[maestro] Array de envites: 2, 1, 1, 1
[maestro] Array de envites: 2, 1, 1, 1
APUESTA: 1
[maestro] Piedra por no
[maestro] Pareja Mano se lleva piedra por el no
1 1 0 0 0 0 0 1 0 1 
0 0 0 0 1 1 0 1 1 0 
0 1 1 1 0 0 1 0 0 0 
0 0 1 0 1 2 0 0 0 0 
[maestro] Mejor mano a Grande: jugador 0
[maestro] Mejor pareja a Grande: Mano
[maestro] Iniciando lance de Chica
[maestro] Comienza fase de envites
[maestro]: Siguiente jugador: 2, mano: 2
NÚMERO DE OCURRENCIAS DE ASES: 0
[jugador 2] Paso
¿HAY APUESTA?: 0
Apuesta anterior pareja postre: 0
Apuesta anterior pareja mano: 0
[maestro] Array de envites: 0, 0, 1, 0
[maestro]: Siguiente jugador: 3, mano: 2
NÚMERO DE OCURRENCIAS DE ASES: 0
[jugador 3] Paso
¿HAY APUESTA?: 0
Apuesta anterior pareja postre: 0
Apuesta anterior pareja mano: 0
[maestro] Array de envites: 0, 0, 1, 1
NÚMERO DE OCURRENCIAS DE ASES: 1
[maestro]: Siguiente jugador: 0, mano: 2
[jugador 0] Paso
¿HAY APUESTA?: 0
Apuesta anterior pareja postre: 0
Apuesta anterior pareja mano: 0
[maestro] Array de envites: 1, 0, 1, 1
[maestro]: Siguiente jugador: 1, mano: 2
[jugador 1] Paso
¿HAY APUESTA?: 0
Apuesta anterior pareja postre: 0
Apuesta anterior pareja mano: 0
[maestro] Array de envites: 1, 1, 1, 1
[maestro] Array de envites: 1, 1, 1, 1
APUESTA: 1
NÚMERO DE OCURRENCIAS DE ASES: 1
1 0 1 0 0 0 0 0 1 1 
0 1 1 0 1 1 0 0 0 0 
0 0 0 1 0 0 1 1 1 0 
0 0 0 0 2 1 0 1 0 0 
[maestro] Mejor mano a Chica: jugador 1
[maestro] Mejor pareja a Chica: Postre
[maestro] Calculando piedras, ninguna previa...
[maestro] Envite final de pareja mano ha sido: 1
[maestro] Envite anterior de pareja mano ha sido: 0
[maestro] Envite final de pareja postre ha sido: 1
[maestro] Envite anterior de pareja postre ha sido: 0
[maestro] Iniciando lance de Pares
[maestro] Jugador 2 No tengo pares
[maestro] Jugador 3 Sí tengo pares
[maestro] Jugador 0 Sí tengo pares
[maestro] Jugador 1 No tengo pares
[maestro] Comienza fase de envites
[maestro]: Siguiente jugador: 2, mano: 2
[jugador 2] Paso
¿HAY APUESTA?: 0
Apuesta anterior pareja postre: 0
Apuesta anterior pareja mano: 0
[maestro] Array de envites: 0, 0, 1, 0
[maestro]: Siguiente jugador: 3, mano: 2
[jugador 3] Paso
¿HAY APUESTA?: 0
Apuesta anterior pareja postre: 0
Apuesta anterior pareja mano: 0
[maestro] Array de envites: 0, 0, 1, 1
[maestro]: Siguiente jugador: 0, mano: 2
[jugador 0] Envido
¿HAY APUESTA?: 0
Apuesta anterior pareja postre: 0
Apuesta anterior pareja mano: 0
[maestro] Array de envites: 2, 0, 1, 1
[maestro]: Siguiente jugador: 1, mano: 2
[jugador 1] No
¿HAY APUESTA?: 1
Apuesta anterior pareja postre: 0
Apuesta anterior pareja mano: 2
[maestro] Array de envites: 2, 1, 1, 1
[maestro] Array de envites: 2, 1, 1, 1
APUESTA: 1
[maestro] Piedra por no
[maestro] Pareja Mano se lleva piedra por el no
99 99 1 10 99 
99 99 0 99 99 
99 99 0 99 99 
99 99 1 5 99 
Calculando duples...
Calculando medias...
Calculando pares...
Resolviendo empate a parejas...
[maestro] Mejor mano a Pares: jugador 0
[maestro] Mejor pareja a Pares: Mano
[maestro] Iniciando lance de Juego
[maestro] Jugador 2 Sí tengo juego
[maestro] Jugador 3 No tengo juego
[maestro] Jugador 0 Sí tengo juego
[maestro] Jugador 1 No tengo juego
PAREJA Mano se lleva la piedra de juego
[maestro] PIEDRAS MANO: 3
[maestro] PIEDRAS POSTRE: 1
[maestro] PIEDRAS PAREJA 0-2: 19
[maestro] PIEDRAS PAREJA 1-3: 2
PUNTUACIONES:
PAREJA 0-2
RONDA: 3 amarracos y 4 piedras
JUEGO: 0
VACA: 0
PAREJA 1-3
RONDA: 2
JUEGO: 0
VACA: 0
[maestro] Comienza ronda 3 del juego
[maestro] Tamaño del mazo: 40
Mazo barajado.
El valor de Sota    	 de 	Copas es 	10 	con id 	17, estado 0 y cara 7
 	
El valor de Caballo 	 de 	Bastos es 	10 	con id 	38, estado 0 y cara 8
 	
El valor de Caballo 	 de 	Espadas es 	10 	con id 	28, estado 0 y cara 8
 	
El valor de As      	 de 	Copas es 	1 	con id 	10, estado 0 y cara 0
 	
El valor de Siete   	 de 	Bastos es 	7 	con id 	36, estado 0 y cara 6
 	
El valor de Sota    	 de 	Oros es 	10 	con id 	7, estado 0 y cara 7
 	
El valor de Seis    	 de 	Espadas es 	6 	con id 	25, estado 0 y cara 5
 	
El valor de Tres    	 de 	Copas es 	10 	con id 	12, estado 0 y cara 2
 	
El valor de As      	 de 	Espadas es 	1 	con id 	20, estado 0 y cara 0
 	
El valor de Siete   	 de 	Copas es 	7 	con id 	16, estado 0 y cara 6
 	
El valor de Seis    	 de 	Copas es 	6 	con id 	15, estado 0 y cara 5
 	
El valor de Cuatro  	 de 	Bastos es 	4 	con id 	33, estado 0 y cara 3
 	
El valor de Cuatro  	 de 	Espadas es 	4 	con id 	23, estado 0 y cara 3
 	
El valor de Cinco   	 de 	Bastos es 	5 	con id 	34, estado 0 y cara 4
 	
El valor de Caballo 	 de 	Oros es 	10 	con id 	8, estado 0 y cara 8
 	
El valor de Cinco   	 de 	Oros es 	5 	con id 	4, estado 0 y cara 4
 	
El valor de Seis    	 de 	Oros es 	6 	con id 	5, estado 0 y cara 5
 	
El valor de Rey     	 de 	Oros es 	10 	con id 	9, estado 0 y cara 9
 	
El valor de Tres    	 de 	Espadas es 	10 	con id 	22, estado 0 y cara 2
 	
El valor de Rey     	 de 	Espadas es 	10 	con id 	29, estado 0 y cara 9
 	
El valor de Tres    	 de 	Oros es 	10 	con id 	2, estado 0 y cara 2
 	
El valor de Dos     	 de 	Oros es 	1 	con id 	1, estado 0 y cara 1
 	
El valor de Rey     	 de 	Bastos es 	10 	con id 	39, estado 0 y cara 9
 	
El valor de Dos     	 de 	Espadas es 	1 	con id 	21, estado 0 y cara 1
 	
El valor de Cuatro  	 de 	Copas es 	4 	con id 	13, estado 0 y cara 3
 	
El valor de Cinco   	 de 	Copas es 	5 	con id 	14, estado 0 y cara 4
 	
El valor de Cuatro  	 de 	Oros es 	4 	con id 	3, estado 0 y cara 3
 	
El valor de Siete   	 de 	Oros es 	7 	con id 	6, estado 0 y cara 6
 	
El valor de As      	 de 	Bastos es 	1 	con id 	30, estado 0 y cara 0
 	
El valor de As      	 de 	Oros es 	1 	con id 	0, estado 0 y cara 0
 	
El valor de Dos     	 de 	Bastos es 	1 	con id 	31, estado 0 y cara 1
 	
El valor de Sota    	 de 	Bastos es 	10 	con id 	37, estado 0 y cara 7
 	
El valor de Caballo 	 de 	Copas es 	10 	con id 	18, estado 0 y cara 8
 	
El valor de Cinco   	 de 	Espadas es 	5 	con id 	24, estado 0 y cara 4
 	
El valor de Tres    	 de 	Bastos es 	10 	con id 	32, estado 0 y cara 2
 	
El valor de Seis    	 de 	Bastos es 	6 	con id 	35, estado 0 y cara 5
 	
El valor de Sota    	 de 	Espadas es 	10 	con id 	27, estado 0 y cara 7
 	
El valor de Siete   	 de 	Espadas es 	7 	con id 	26, estado 0 y cara 6
 	
El valor de Rey     	 de 	Copas es 	10 	con id 	19, estado 0 y cara 9
 	
El valor de Dos     	 de 	Copas es 	1 	con id 	11, estado 0 y cara 1
 	
Fin del contenido del mazo/mano.
[1m[34m[maestro] Ahora el jugador mano es: 3
[0m[1m[34m[maestro] Ahora el jugador postre (repartidor) es: 2
[0m[repartidor 2] Repartida carta 0 al jugador 3
[jugador 3] Jugador 3 recibe carta 0 
[repartidor 2] Repartida carta 0 al jugador 0
[jugador 0] Jugador 0 recibe carta 0 
[repartidor 2] Repartida carta 0 al jugador 1
[jugador 1] Jugador 1 recibe carta 0 
[repartidor 2] Repartida carta 0 al jugador 2
[jugador 2] Jugador 2 recibe carta 0 
[repartidor 2] Repartida carta 1 al jugador 3
[jugador 3] Jugador 3 recibe carta 1 
[repartidor 2] Repartida carta 1 al jugador 0
[jugador 0] Jugador 0 recibe carta 1 
[repartidor 2] Repartida carta 1 al jugador 1
[jugador 1] Jugador 1 recibe carta 1 
[repartidor 2] Repartida carta 1 al jugador 2
[jugador 2] Jugador 2 recibe carta 1 
[repartidor 2] Repartida carta 2 al jugador 3
[jugador 3] Jugador 3 recibe carta 2 
[repartidor 2] Repartida carta 2 al jugador 0
[jugador 0] Jugador 0 recibe carta 2 
[repartidor 2] Repartida carta 2 al jugador 1
[jugador 1] Jugador 1 recibe carta 2 
[repartidor 2] Repartida carta 2 al jugador 2
[jugador 2] Jugador 2 recibe carta 2 
[repartidor 2] Repartida carta 3 al jugador 3
[jugador 3] Jugador 3 recibe carta 3 
[repartidor 2] Repartida carta 3 al jugador 0
[jugador 0] Jugador 0 recibe carta 3 
[repartidor 2] Repartida carta 3 al jugador 1
[jugador 1] Jugador 1 recibe carta 3 
[repartidor 2] Repartida carta 3 al jugador 2
[jugador 2] Jugador 2 recibe carta 3 
[maestro] tamaño del mazo: 24
[maestro] Los jugadores juegan el turno 0 con las siguientes manos:
[maestro] Jugador 0 juega con mano: 
El valor de Caballo 	 de 	Bastos es 	10 	con id 	38, estado 1 y cara 8
 	
El valor de Sota    	 de 	Oros es 	10 	con id 	7, estado 1 y cara 7
 	
El valor de Siete   	 de 	Copas es 	7 	con id 	16, estado 1 y cara 6
 	
El valor de Cinco   	 de 	Bastos es 	5 	con id 	34, estado 1 y cara 4
 	
Fin del contenido del mazo/mano.
[jugador 0] Equivalencias mano original: 9 8 7 5 
[jugador 2] Equivalencias mano original: 1 10 4 5 
[jugador 3] Equivalencias mano original: 8 7 1 4 
[jugador 1] Equivalencias mano original: 9 6 6 9 
[maestro] Jugador 1 juega con mano: 
El valor de Caballo 	 de 	Espadas es 	10 	con id 	28, estado 1 y cara 8
 	
El valor de Seis    	 de 	Espadas es 	6 	con id 	25, estado 1 y cara 5
 	
El valor de Seis    	 de 	Copas es 	6 	con id 	15, estado 1 y cara 5
 	
El valor de Caballo 	 de 	Oros es 	10 	con id 	8, estado 1 y cara 8
 	
Fin del contenido del mazo/mano.
[maestro] Jugador 2 juega con mano: 
El valor de As      	 de 	Copas es 	1 	con id 	10, estado 1 y cara 0
 	
El valor de Tres    	 de 	Copas es 	10 	con id 	12, estado 1 y cara 2
 	
El valor de Cuatro  	 de 	Bastos es 	4 	con id 	33, estado 1 y cara 3
 	
El valor de Cinco   	 de 	Oros es 	5 	con id 	4, estado 1 y cara 4
 	
Fin del contenido del mazo/mano.
[maestro] Jugador 3 juega con mano: 
El valor de Sota    	 de 	Copas es 	10 	con id 	17, estado 1 y cara 7
 	
El valor de Siete   	 de 	Bastos es 	7 	con id 	36, estado 1 y cara 6
 	
El valor de As      	 de 	Espadas es 	1 	con id 	20, estado 1 y cara 0
 	
El valor de Cuatro  	 de 	Espadas es 	4 	con id 	23, estado 1 y cara 3
 	
Fin del contenido del mazo/mano.
[maestro] Comienza el turno de MUS : 1
[maestro] Enviando token 1 a jugador 3
[maestro] Mano del jugador 3
El valor de Sota    	 de 	Copas es 	10 	con id 	17, estado 1 y cara 7
 	
El valor de Siete   	 de 	Bastos es 	7 	con id 	36, estado 1 y cara 6
 	
El valor de As      	 de 	Espadas es 	1 	con id 	20, estado 1 y cara 0
 	
El valor de Cuatro  	 de 	Espadas es 	4 	con id 	23, estado 1 y cara 3
 	
Fin del contenido del mazo/mano.
[jugador 3] Quiero mus
[maestro] Comienza el turno de MUS : 2
[maestro] Enviando token 1 a jugador 0
[maestro] Mano del jugador 0
El valor de Caballo 	 de 	Bastos es 	10 	con id 	38, estado 1 y cara 8
 	
El valor de Sota    	 de 	Oros es 	10 	con id 	7, estado 1 y cara 7
 	
El valor de Siete   	 de 	Copas es 	7 	con id 	16, estado 1 y cara 6
 	
El valor de Cinco   	 de 	Bastos es 	5 	con id 	34, estado 1 y cara 4
 	
Fin del contenido del mazo/mano.
[jugador 0] Quiero mus
[maestro] Comienza el turno de MUS : 3
[maestro] Enviando token 1 a jugador 1
[jugador 1] Equivalencias mano original: 9 6 6 9 
[maestro] Mano del jugador 1
El valor de Caballo 	 de 	Espadas es 	10 	con id 	28, estado 1 y cara 8
 	
El valor de Seis    	 de 	Espadas es 	6 	con id 	25, estado 1 y cara 5
 	
El valor de Seis    	 de 	Copas es 	6 	con id 	15, estado 1 y cara 5
 	
El valor de Caballo 	 de 	Oros es 	10 	con id 	8, estado 1 y cara 8
 	
Fin del contenido del mazo/mano.
[jugador 1] No hay mus
[jugador 2] Equivalencias mano original: 1 10 4 5 
[maestro] Enviando mano...
[jugador 0] Equivalencias mano original: 9 8 7 5 
[maestro] Manos con las que se juega la partida: 
[jugador 3] Equivalencias mano original: 8 7 1 4 
[maestro] Mano del jugador 3
El valor de Sota    	 de 	Copas es 	10 	con id 	17, estado 1 y cara 7
 	
El valor de Siete   	 de 	Bastos es 	7 	con id 	36, estado 1 y cara 6
 	
El valor de As      	 de 	Espadas es 	1 	con id 	20, estado 1 y cara 0
 	
El valor de Cuatro  	 de 	Espadas es 	4 	con id 	23, estado 1 y cara 3
 	
Fin del contenido del mazo/mano.
[maestro] Mano del jugador 0
El valor de Caballo 	 de 	Bastos es 	10 	con id 	38, estado 1 y cara 8
 	
El valor de Sota    	 de 	Oros es 	10 	con id 	7, estado 1 y cara 7
 	
El valor de Siete   	 de 	Copas es 	7 	con id 	16, estado 1 y cara 6
 	
El valor de Cinco   	 de 	Bastos es 	5 	con id 	34, estado 1 y cara 4
 	
Fin del contenido del mazo/mano.
[maestro] Mano del jugador 1
El valor de Caballo 	 de 	Espadas es 	10 	con id 	28, estado 1 y cara 8
 	
El valor de Seis    	 de 	Espadas es 	6 	con id 	25, estado 1 y cara 5
 	
El valor de Seis    	 de 	Copas es 	6 	con id 	15, estado 1 y cara 5
 	
El valor de Caballo 	 de 	Oros es 	10 	con id 	8, estado 1 y cara 8
 	
Fin del contenido del mazo/mano.
[maestro] Mano del jugador 2
El valor de As      	 de 	Copas es 	1 	con id 	10, estado 1 y cara 0
 	
El valor de Tres    	 de 	Copas es 	10 	con id 	12, estado 1 y cara 2
 	
El valor de Cuatro  	 de 	Bastos es 	4 	con id 	33, estado 1 y cara 3
 	
El valor de Cinco   	 de 	Oros es 	5 	con id 	4, estado 1 y cara 4
 	
Fin del contenido del mazo/mano.
[maestro] Iniciando lance de Grande
[maestro] Comienza fase de envites
[maestro]: Siguiente jugador: 3, mano: 3
NÚMERO DE OCURRENCIAS DE REYES: 0
[jugador 3] Paso
¿HAY APUESTA?: 0
Apuesta anterior pareja postre: 0
Apuesta anterior pareja mano: 0
[maestro] Array de envites: 0, 0, 0, 1
[maestro]: Siguiente jugador: 0, mano: 3
NÚMERO DE OCURRENCIAS DE REYES: 0
[jugador 0] Paso
¿HAY APUESTA?: 0
Apuesta anterior pareja postre: 0
Apuesta anterior pareja mano: 0
[maestro] Array de envites: 1, 0, 0, 1
[maestro]: Siguiente jugador: 1, mano: 3
NÚMERO DE OCURRENCIAS DE REYES: 0
[jugador 1] Paso
¿HAY APUESTA?: 0
Apuesta anterior pareja postre: 0
Apuesta anterior pareja mano: 0
[maestro] Array de envites: 1, 1, 0, 1
[maestro]: Siguiente jugador: 2, mano: 3
NÚMERO DE OCURRENCIAS DE REYES: 1
[jugador 2] Paso
¿HAY APUESTA?: 0
Apuesta anterior pareja postre: 0
Apuesta anterior pareja mano: 0
[maestro] Array de envites: 1, 1, 1, 1
[maestro] Array de envites: 1, 1, 1, 1
APUESTA: 1
0 1 1 1 0 1 0 0 0 0 
0 2 0 0 2 0 0 0 0 0 
0 0 0 0 0 1 1 1 0 1 
0 0 1 1 0 0 1 0 0 1 
[maestro] Mejor mano a Grande: jugador 2
[maestro] Mejor pareja a Grande: Postre
[maestro] Calculando piedras, ninguna previa...
[maestro] Envite final de pareja mano ha sido: 1
[maestro] Envite anterior de pareja mano ha sido: 0
[maestro] Envite final de pareja postre ha sido: 1
[maestro] Envite anterior de pareja postre ha sido: 0
[maestro] Iniciando lance de Chica
[maestro] Comienza fase de envites
[maestro]: Siguiente jugador: 3, mano: 3
NÚMERO DE OCURRENCIAS DE ASES: 1
[jugador 3] Paso
¿HAY APUESTA?: 0
Apuesta anterior pareja postre: 0
Apuesta anterior pareja mano: 0
[maestro] Array de envites: 0, 0, 0, 1
[maestro]: Siguiente jugador: 0, mano: 3
NÚMERO DE OCURRENCIAS DE ASES: 0
[jugador 0] Paso
¿HAY APUESTA?: 0
Apuesta anterior pareja postre: 0
Apuesta anterior pareja mano: 0
[maestro] Array de envites: 1, 0, 0, 1
[maestro]: Siguiente jugador: 1, mano: 3
NÚMERO DE OCURRENCIAS DE ASES: 0
[jugador 1] Paso
¿HAY APUESTA?: 0
Apuesta anterior pareja postre: 0
Apuesta anterior pareja mano: 0
[maestro] Array de envites: 1, 1, 0, 1
[maestro]: Siguiente jugador: 2, mano: 3
NÚMERO DE OCURRENCIAS DE ASES: 1
[jugador 2] Paso
¿HAY APUESTA?: 0
Apuesta anterior pareja postre: 0
Apuesta anterior pareja mano: 0
[maestro] Array de envites: 1, 1, 1, 1
[maestro] Array de envites: 1, 1, 1, 1
APUESTA: 1
0 0 0 0 1 0 1 1 1 0 
0 0 0 0 0 2 0 0 2 0 
1 0 1 1 1 0 0 0 0 0 
1 0 0 1 0 0 1 1 0 0 
[maestro] Mejor mano a Chica: jugador 2
[maestro] Mejor pareja a Chica: Postre
[maestro] Calculando piedras, ninguna previa...
[maestro] Envite final de pareja mano ha sido: 1
[maestro] Envite anterior de pareja mano ha sido: 0
[maestro] Envite final de pareja postre ha sido: 1
[maestro] Envite anterior de pareja postre ha sido: 0
[maestro] Iniciando lance de Pares
[maestro] Jugador 3 No tengo pares
[maestro] Jugador 0 No tengo pares
[maestro] Jugador 1 Sí tengo pares
[maestro] Jugador 2 No tengo pares
PAREJA Mano se lleva la piedra de pares
[maestro] Iniciando lance de Juego
[maestro] Jugador 3 No tengo juego
[maestro] Jugador 0 Sí tengo juego
[maestro] Jugador 1 Sí tengo juego
[maestro] Jugador 2 No tengo juego
[maestro] Comienza fase de envites
[maestro]: Siguiente jugador: 3, mano: 3
[jugador 3] Paso
¿HAY APUESTA?: 0
Apuesta anterior pareja postre: 0
Apuesta anterior pareja mano: 0
[maestro] Array de envites: 0, 0, 0, 1
[maestro]: Siguiente jugador: 0, mano: 3
[jugador 0] Envido 5
¿HAY APUESTA?: 0
Apuesta anterior pareja postre: 0
Apuesta anterior pareja mano: 0
[maestro] Array de envites: 5, 0, 0, 1
[maestro]: Siguiente jugador: 1, mano: 3
[jugador 1] Envido 1 más
¿HAY APUESTA?: 1
Apuesta anterior pareja postre: 5
Apuesta anterior pareja mano: 0
[maestro] Array de envites: 5, 6, 0, 1
[maestro]: Siguiente jugador: 2, mano: 3
[jugador 2] No
¿HAY APUESTA?: 1
Apuesta anterior pareja postre: 5
Apuesta anterior pareja mano: 6
[maestro] Array de envites: 5, 6, 1, 1
[maestro] Array de envites: 5, 6, 1, 1
APUESTA: 0
HAN SUBIDO LA APUESTA!
Jugador al que han subido la apuesta: 0
